<?xml version="1.0" encoding="UTF-8"?>
<testng-results skipped="0" failed="0" ignored="0" total="1" passed="1">
  <reporter-output>
  </reporter-output>
  <suite name="Default suite" duration-ms="19754" started-at="2021-08-30T11:16:37Z" finished-at="2021-08-30T11:16:57Z">
    <groups>
      <group name="cucumber">
        <method signature="AbstractTestNGCucumberTests.runScenario(io.cucumber.testng.PickleWrapper, io.cucumber.testng.FeatureWrapper)[pri:0, instance:com.testRunner.SeleniumEasy@617faa95]" name="runScenario" class="io.cucumber.testng.AbstractTestNGCucumberTests"/>
      </group> <!-- cucumber -->
    </groups>
    <test name="Default test" duration-ms="19754" started-at="2021-08-30T11:16:37Z" finished-at="2021-08-30T11:16:57Z">
      <class name="com.testRunner.SeleniumEasy">
        <test-method status="PASS" signature="setUpClass()[pri:0, instance:com.testRunner.SeleniumEasy@617faa95]" name="setUpClass" is-config="true" duration-ms="317" started-at="2021-08-30T11:16:37Z" finished-at="2021-08-30T11:16:38Z">
          <reporter-output>
          </reporter-output>
        </test-method> <!-- setUpClass -->
        <test-method status="PASS" signature="runScenario(io.cucumber.testng.PickleWrapper, io.cucumber.testng.FeatureWrapper)[pri:0, instance:com.testRunner.SeleniumEasy@617faa95]" name="runScenario" duration-ms="19401" started-at="2021-08-30T11:16:38Z" description="Runs Cucumber Scenarios" data-provider="scenarios" finished-at="2021-08-30T11:16:57Z">
          <params>
            <param index="0">
              <value>
                <![CDATA["Successfully open the Simple Form Demo Page"]]>
              </value>
            </param>
            <param index="1">
              <value>
                <![CDATA["Optional[Verify SEDemoHomePage]"]]>
              </value>
            </param>
          </params>
          <reporter-output>
          </reporter-output>
        </test-method> <!-- runScenario -->
        <test-method status="PASS" signature="tearDownClass()[pri:0, instance:com.testRunner.SeleniumEasy@617faa95]" name="tearDownClass" is-config="true" duration-ms="13" started-at="2021-08-30T11:16:57Z" finished-at="2021-08-30T11:16:57Z">
          <reporter-output>
          </reporter-output>
        </test-method> <!-- tearDownClass -->
      </class> <!-- com.testRunner.SeleniumEasy -->
    </test> <!-- Default test -->
  </suite> <!-- Default suite -->
</testng-results>
